2025-07-27 17:40:41,929 [INFO] \u2705 Script started
2025-07-27 17:40:43,139 [INFO] \U0001f4e5 Fetched 103 wallets.
2025-07-27 17:40:43,141 [INFO] \U0001f504 (1/103) Processing 0x0039f22efb07a647557c7c5d17854cfd6d489ef3...
2025-07-27 17:40:43,355 [INFO] \U0001f504 (2/103) Processing 0x06b51c6882b27cb05e712185531c1f74996dd988...
2025-07-27 17:40:43,561 [INFO] \U0001f504 (3/103) Processing 0x0795732aacc448030ef374374eaae57d2965c16c...
2025-07-27 17:40:43,768 [INFO] \U0001f504 (4/103) Processing 0x0aaa79f1a86bc8136cd0d1ca0d51964f4e3766f9...
2025-07-27 17:40:43,952 [INFO] \U0001f504 (5/103) Processing 0x0fe383e5abc200055a7f391f94a5f5d1f844b9ae...
2025-07-27 17:40:44,163 [INFO] \U0001f504 (6/103) Processing 0x104ae61d8d487ad689969a17807ddc338b445416...
2025-07-27 17:40:44,378 [INFO] \U0001f504 (7/103) Processing 0x111c7208a7e2af345d36b6d4aace8740d61a3078...
2025-07-27 17:40:44,566 [INFO] \U0001f504 (8/103) Processing 0x124853fecb522c57d9bd5c21231058696ca6d596...
2025-07-27 17:40:44,766 [INFO] \U0001f504 (9/103) Processing 0x13b1c8b0e696aff8b4fee742119b549b605f3cbc...
2025-07-27 17:40:44,963 [INFO] \U0001f504 (10/103) Processing 0x1656f1886c5ab634ac19568cd571bc72f385fdf7...
2025-07-27 17:40:45,194 [INFO] \U0001f504 (11/103) Processing 0x1724e16cb8d0e2aa4d08035bc6b5c56b680a3b22...
2025-07-27 17:40:45,400 [INFO] \U0001f504 (12/103) Processing 0x19df3e87f73c4aaf4809295561465b993e102668...
2025-07-27 17:40:45,597 [INFO] \U0001f504 (13/103) Processing 0x1ab2ccad4fc97c9968ea87d4435326715be32872...
2025-07-27 17:40:45,777 [INFO] \U0001f504 (14/103) Processing 0x1c1b30ca93ef57452d53885d97a74f61daf2bf4f...
2025-07-27 17:40:45,969 [INFO] \U0001f504 (15/103) Processing 0x1e43dacdcf863676a6bec8f7d6896d6252fac669...
2025-07-27 17:40:46,182 [INFO] \U0001f504 (16/103) Processing 0x22d7510588d90ed5a87e0f838391aaafa707c34b...
2025-07-27 17:40:46,370 [INFO] \U0001f504 (17/103) Processing 0x24b3460622d835c56d9a4fe352966b9bdc6c20af...
2025-07-27 17:40:46,566 [INFO] \U0001f504 (18/103) Processing 0x26750f1f4277221bdb5f6991473c6ece8c821f9d...
2025-07-27 17:40:46,774 [INFO] \U0001f504 (19/103) Processing 0x27f72a000d8e9f324583f3a3491ea66998275b28...
2025-07-27 17:40:46,968 [INFO] \U0001f504 (20/103) Processing 0x2844658bf341db96aa247259824f42025e3bcec2...
2025-07-27 17:40:47,174 [INFO] \U0001f504 (21/103) Processing 0x2a2fde3e1beb508fcf7c137a1d5965f13a17825e...
2025-07-27 17:40:47,367 [INFO] \U0001f504 (22/103) Processing 0x330513970efd9e8dd606275fb4c50378989b3204...
2025-07-27 17:40:47,566 [INFO] \U0001f504 (23/103) Processing 0x3361bea43c2f5f963f81ac70f64e6fba1f1d2a97...
2025-07-27 17:40:47,761 [INFO] \U0001f504 (24/103) Processing 0x3867d222ba91236ad4d12c31056626f9e798629c...
2025-07-27 17:40:47,951 [INFO] \U0001f504 (25/103) Processing 0x3a44be4581137019f83021eeee72b7dc57756069...
2025-07-27 17:40:48,146 [INFO] \U0001f504 (26/103) Processing 0x3e69ad05716bdc834db72c4d6d44439a7c8a902b...
2025-07-27 17:40:48,345 [INFO] \U0001f504 (27/103) Processing 0x427f2ac5fdf4245e027d767e7c3ac272a1f40a65...
2025-07-27 17:40:48,544 [INFO] \U0001f504 (28/103) Processing 0x4814be124d7fe3b240eb46061f7ddfab468fe122...
2025-07-27 17:40:48,733 [INFO] \U0001f504 (29/103) Processing 0x4839e666e2baf12a51bf004392b35972eeddeabf...
2025-07-27 17:40:48,946 [INFO] \U0001f504 (30/103) Processing 0x4c4d05fe859279c91b074429b5fc451182cec745...
2025-07-27 17:40:49,133 [INFO] \U0001f504 (31/103) Processing 0x4d997c89bc659a3e8452038a8101161e7e7e53a7...
2025-07-27 17:40:49,337 [INFO] \U0001f504 (32/103) Processing 0x4db0a72edb5ea6c55df929f76e7d5bb14e389860...
2025-07-27 17:40:49,528 [INFO] \U0001f504 (33/103) Processing 0x4e61251336c32e4fe6bfd5fab014846599321389...
2025-07-27 17:40:49,728 [INFO] \U0001f504 (34/103) Processing 0x4e6e724f4163b24ffc7ffe662b5f6815b18b4210...
2025-07-27 17:40:49,915 [INFO] \U0001f504 (35/103) Processing 0x507b6c0d950702f066a9a1bd5e85206f87b065ba...
2025-07-27 17:40:50,100 [INFO] \U0001f504 (36/103) Processing 0x54e19653be9d4143b08994906be0e27555e8834d...
2025-07-27 17:40:50,295 [INFO] \U0001f504 (37/103) Processing 0x56ba823641bfc317afc8459bf27feed6eb9ff59f...
2025-07-27 17:40:50,504 [INFO] \U0001f504 (38/103) Processing 0x56cc2bffcb3f86a30c492f9d1a671a1f744d1d2f...
2025-07-27 17:40:50,701 [INFO] \U0001f504 (39/103) Processing 0x578cea5f899b0dfbf05c7fbcfda1a644b2a47787...
2025-07-27 17:40:50,878 [INFO] \U0001f504 (40/103) Processing 0x58c2a9099a03750e9842d3e9a7780cdd6aa70b86...
2025-07-27 17:40:51,085 [INFO] \U0001f504 (41/103) Processing 0x58d68d4bcf9725e40353379cec92b90332561683...
2025-07-27 17:40:51,318 [INFO] \U0001f504 (42/103) Processing 0x5e324b4a564512ea7c93088dba2f8c1bf046a3eb...
2025-07-27 17:40:51,502 [INFO] \U0001f504 (43/103) Processing 0x612a3500559be7be7703de6dc397afb541a16f7f...
2025-07-27 17:40:51,688 [INFO] \U0001f504 (44/103) Processing 0x623af911f493747c216ad389c7805a37019c662d...
2025-07-27 17:40:51,866 [INFO] \U0001f504 (45/103) Processing 0x6a2752a534faacaaa153bffbb973dd84e0e5497b...
2025-07-27 17:40:52,081 [INFO] \U0001f504 (46/103) Processing 0x6d69ca3711e504658977367e13c300ab198379f1...
2025-07-27 17:40:52,270 [INFO] \U0001f504 (47/103) Processing 0x6e355417f7f56e7927d1cd971f0b5a1e6d538487...
2025-07-27 17:40:52,460 [INFO] \U0001f504 (48/103) Processing 0x70c1864282599a762c674dd9d567b37e13bce755...
2025-07-27 17:40:52,656 [INFO] \U0001f504 (49/103) Processing 0x70d8e4ab175dfe0eab4e9a7f33e0a2d19f44001e...
2025-07-27 17:40:52,852 [INFO] \U0001f504 (50/103) Processing 0x7399dbeebe2f88bc6ac4e3fd7ddb836a4bce322f...
2025-07-27 17:40:53,059 [INFO] \U0001f504 (51/103) Processing 0x767055590c73b7d2aaa6219da13807c493f91a20...
2025-07-27 17:40:53,247 [INFO] \U0001f504 (52/103) Processing 0x7851bdfb64bbecfb40c030d722a1f147dff5db6a...
2025-07-27 17:40:53,457 [INFO] \U0001f504 (53/103) Processing 0x7b4636320daa0bc055368a4f9b9d01bd8ac51877...
2025-07-27 17:40:53,634 [INFO] \U0001f504 (54/103) Processing 0x7b57dbe2f2e4912a29754ff3e412ed9507fd8957...
2025-07-27 17:40:53,837 [INFO] \U0001f504 (55/103) Processing 0x7be3dfb5b6fcbae542ea85e76cc19916a20f6c1e...
2025-07-27 17:40:54,047 [INFO] \U0001f504 (56/103) Processing 0x7de76a449cf60ea3e111ff18b28e516d89532152...
2025-07-27 17:40:54,239 [INFO] \U0001f504 (57/103) Processing 0x7e3eab408b9c76a13305ef34606f17c16f7b33cc...
2025-07-27 17:40:54,421 [INFO] \U0001f504 (58/103) Processing 0x7f5e6a28afc9fb0aaf4259d4ff69991b88ebea47...
2025-07-27 17:40:54,699 [INFO] \U0001f504 (59/103) Processing 0x83ea74c67d393c6894c34c464657bda2183a2f1a...
2025-07-27 17:40:54,952 [INFO] \U0001f504 (60/103) Processing 0x8441fecef5cc6f697be2c4fc4a36feacede8df67...
2025-07-27 17:40:55,170 [INFO] \U0001f504 (61/103) Processing 0x854a873b8f9bfac36a5eb9c648e285a095a7478d...
2025-07-27 17:40:55,370 [INFO] \U0001f504 (62/103) Processing 0x8587d9f794f06d976c2ec1cfd523983b856f5ca9...
2025-07-27 17:40:55,571 [INFO] \U0001f504 (63/103) Processing 0x880a0af12da55df1197f41697c1a1b61670ed410...
2025-07-27 17:40:55,920 [INFO] \U0001f504 (64/103) Processing 0x8aaece100580b749a20f8ce30338c4e0770b65ed...
2025-07-27 17:40:56,121 [INFO] \U0001f504 (65/103) Processing 0x8be38ea2b22b706aef313c2de81f7d179024dd30...
2025-07-27 17:40:56,342 [INFO] \U0001f504 (66/103) Processing 0x8d900f213db5205c529aaba5d10e71a0ed2646db...
2025-07-27 17:40:56,534 [INFO] \U0001f504 (67/103) Processing 0x91919344c1dad09772d19ad8ad4f1bcd29c51f27...
2025-07-27 17:40:56,723 [INFO] \U0001f504 (68/103) Processing 0x93f0891bf71d8abed78e0de0885bd26355bb8b1d...
2025-07-27 17:40:56,903 [INFO] \U0001f504 (69/103) Processing 0x96479b087cb8f236a5e2dcbfc50ce63b2f421da6...
2025-07-27 17:40:57,080 [INFO] \U0001f504 (70/103) Processing 0x96bb4447a02b95f1d1e85374cffd565eb22ed2f8...
2025-07-27 17:40:57,263 [INFO] \U0001f504 (71/103) Processing 0x9a363adc5d382c04d36b09158286328f75672098...
2025-07-27 17:40:57,469 [INFO] \U0001f504 (72/103) Processing 0x9ad1331c5b6c5a641acffb32719c66a80c6e1a17...
2025-07-27 17:40:57,658 [INFO] \U0001f504 (73/103) Processing 0x9ba0d85f71e145ccf15225e59631e5a883d5d74a...
2025-07-27 17:40:57,843 [INFO] \U0001f504 (74/103) Processing 0x9e6ec4e98793970a1307262ba68d37594e58cd78...
2025-07-27 17:40:58,028 [INFO] \U0001f504 (75/103) Processing 0xa7e94d933eb0c439dda357f61244a485246e97b8...
2025-07-27 17:40:58,225 [INFO] \U0001f504 (76/103) Processing 0xa7f3c74f0255796fd5d3ddcf88db769f7a6bf46a...
2025-07-27 17:40:58,444 [INFO] \U0001f504 (77/103) Processing 0xa98dc64bb42575efec7d1e4560c029231ce5da51...
2025-07-27 17:40:58,628 [INFO] \U0001f504 (78/103) Processing 0xb271ff7090b39028eb6e711c3f89a3453d5861ee...
2025-07-27 17:40:58,815 [INFO] \U0001f504 (79/103) Processing 0xb475576594ae44e1f75f534f993cbb7673e4c8b6...
2025-07-27 17:40:59,004 [INFO] \U0001f504 (80/103) Processing 0xb57297c5d02def954794e593db93d0a302e43e5c...
2025-07-27 17:40:59,207 [INFO] \U0001f504 (81/103) Processing 0xbd4a00764217c13a246f86db58d74541a0c3972a...
2025-07-27 17:40:59,406 [INFO] \U0001f504 (82/103) Processing 0xc179d55f7e00e789915760f7d260a1bf6285278b...
2025-07-27 17:40:59,585 [INFO] \U0001f504 (83/103) Processing 0xc22b8e78394ce52e0034609a67ae3c959daa84bc...
2025-07-27 17:40:59,798 [INFO] \U0001f504 (84/103) Processing 0xcbbd9fe837a14258286bbf2e182cbc4e4518c5a3...
2025-07-27 17:40:59,999 [INFO] \U0001f504 (85/103) Processing 0xcecf5163bb057c1aff4963d9b9a7d2f0bf591710...
2025-07-27 17:41:00,214 [INFO] \U0001f504 (86/103) Processing 0xcf0033bf27804640e5339e06443e208db5870dd2...
2025-07-27 17:41:00,419 [INFO] \U0001f504 (87/103) Processing 0xd0df53e296c1e3115fccc3d7cdf4ba495e593b56...
2025-07-27 17:41:00,610 [INFO] \U0001f504 (88/103) Processing 0xd1a3888fd8f490367c6104e10b4154427c02dd9c...
2025-07-27 17:41:00,791 [INFO] \U0001f504 (89/103) Processing 0xd334d18fa6bada9a10f361bae42a019ce88a3c33...
2025-07-27 17:41:01,025 [INFO] \U0001f504 (90/103) Processing 0xd9d3930ffa343f5a0eec7606d045d0843d3a02b4...
2025-07-27 17:41:01,208 [INFO] \U0001f504 (91/103) Processing 0xdde73df7bd4d704a89ad8421402701b3a460c6e9...
2025-07-27 17:41:01,396 [INFO] \U0001f504 (92/103) Processing 0xde92d70253604fd8c5998c8ee3ed282a41b33b7f...
2025-07-27 17:41:01,591 [INFO] \U0001f504 (93/103) Processing 0xded1f838ae6aa5fcd0f13481b37ee88e5bdccb3d...
2025-07-27 17:41:01,779 [INFO] \U0001f504 (94/103) Processing 0xebb8629e8a3ec86cf90cb7600264415640834483...
2025-07-27 17:41:01,970 [INFO] \U0001f504 (95/103) Processing 0xeded1c8c0a0c532195b8432153f3bfa81dba2a90...
2025-07-27 17:41:02,163 [INFO] \U0001f504 (96/103) Processing 0xf10fd8921019615a856c1e95c7cd3632de34edc4...
2025-07-27 17:41:02,354 [INFO] \U0001f504 (97/103) Processing 0xf340b9f2098f80b86fbc5ede586c319473aa11f3...
2025-07-27 17:41:02,556 [INFO] \U0001f504 (98/103) Processing 0xf54f36bca969800fd7d63a68029561309938c09b...
2025-07-27 17:41:02,751 [INFO] \U0001f504 (99/103) Processing 0xf60304b534f74977e159b2e159e135475c245526...
2025-07-27 17:41:02,946 [INFO] \U0001f504 (100/103) Processing 0xf67e8e5805835465f7eba988259db882ab726800...
2025-07-27 17:41:03,146 [INFO] \U0001f504 (101/103) Processing 0xf7aa5d0752cfcd41b0a5945867d619a80c405e52...
2025-07-27 17:41:03,374 [INFO] \U0001f504 (102/103) Processing 0xf80a8b9cfff0febf49914c269fb8aead4a22f847...
2025-07-27 17:41:03,556 [INFO] \U0001f504 (103/103) Processing 0xfe5a05c0f8b24fca15a7306f6a4ebb7dcf2186ac...
2025-07-27 17:41:03,763 [INFO] \u2705 Data collection complete.
2025-07-27 17:41:03,817 [INFO] \u2705 Scoring complete.
2025-07-27 17:41:03,818 [INFO] \U0001f4e6 Output saved to: data/wallet_scores.csv
2025-07-27 17:41:03,819 [INFO] \U0001f4ca Summary:
2025-07-27 17:41:03,820 [INFO]  - Wallets scored: 103
2025-07-27 17:41:03,821 [INFO]  - Score range: 400 to 400
2025-07-27 17:41:03,822 [INFO]  - Average score: 400.00
2025-07-27 19:38:23,742 [INFO] \u2705 Script started
2025-07-27 19:38:24,825 [INFO] \U0001f4e5 Fetched 103 wallets.
2025-07-27 19:38:24,826 [INFO] \U0001f504 (1/103) Processing 0x0039f22efb07a647557c7c5d17854cfd6d489ef3...
2025-07-27 19:38:26,123 [INFO] \U0001f504 (2/103) Processing 0x06b51c6882b27cb05e712185531c1f74996dd988...
2025-07-27 19:38:27,298 [INFO] \U0001f504 (3/103) Processing 0x0795732aacc448030ef374374eaae57d2965c16c...
2025-07-27 19:38:28,470 [INFO] \U0001f504 (4/103) Processing 0x0aaa79f1a86bc8136cd0d1ca0d51964f4e3766f9...
2025-07-27 19:38:29,653 [INFO] \U0001f504 (5/103) Processing 0x0fe383e5abc200055a7f391f94a5f5d1f844b9ae...
2025-07-27 19:38:30,848 [INFO] \U0001f504 (6/103) Processing 0x104ae61d8d487ad689969a17807ddc338b445416...
2025-07-27 19:38:32,030 [INFO] \U0001f504 (7/103) Processing 0x111c7208a7e2af345d36b6d4aace8740d61a3078...
2025-07-27 19:38:32,719 [INFO] \U0001f504 (8/103) Processing 0x124853fecb522c57d9bd5c21231058696ca6d596...
2025-07-27 19:38:33,905 [INFO] \U0001f504 (9/103) Processing 0x13b1c8b0e696aff8b4fee742119b549b605f3cbc...
2025-07-27 19:38:35,135 [INFO] \U0001f504 (10/103) Processing 0x1656f1886c5ab634ac19568cd571bc72f385fdf7...
2025-07-27 19:38:36,326 [INFO] \U0001f504 (11/103) Processing 0x1724e16cb8d0e2aa4d08035bc6b5c56b680a3b22...
2025-07-27 19:38:37,555 [INFO] \U0001f504 (12/103) Processing 0x19df3e87f73c4aaf4809295561465b993e102668...
2025-07-27 19:38:38,735 [INFO] \U0001f504 (13/103) Processing 0x1ab2ccad4fc97c9968ea87d4435326715be32872...
2025-07-27 19:38:39,946 [INFO] \U0001f504 (14/103) Processing 0x1c1b30ca93ef57452d53885d97a74f61daf2bf4f...
2025-07-27 19:38:41,124 [INFO] \U0001f504 (15/103) Processing 0x1e43dacdcf863676a6bec8f7d6896d6252fac669...
2025-07-27 19:38:42,297 [INFO] \U0001f504 (16/103) Processing 0x22d7510588d90ed5a87e0f838391aaafa707c34b...
2025-07-27 19:38:43,492 [INFO] \U0001f504 (17/103) Processing 0x24b3460622d835c56d9a4fe352966b9bdc6c20af...
2025-07-27 19:38:44,683 [INFO] \U0001f504 (18/103) Processing 0x26750f1f4277221bdb5f6991473c6ece8c821f9d...
2025-07-27 19:38:45,869 [INFO] \U0001f504 (19/103) Processing 0x27f72a000d8e9f324583f3a3491ea66998275b28...
2025-07-27 19:38:47,060 [INFO] \U0001f504 (20/103) Processing 0x2844658bf341db96aa247259824f42025e3bcec2...
2025-07-27 19:38:48,251 [INFO] \U0001f504 (21/103) Processing 0x2a2fde3e1beb508fcf7c137a1d5965f13a17825e...
2025-07-27 19:38:49,433 [INFO] \U0001f504 (22/103) Processing 0x330513970efd9e8dd606275fb4c50378989b3204...
2025-07-27 19:38:50,610 [INFO] \U0001f504 (23/103) Processing 0x3361bea43c2f5f963f81ac70f64e6fba1f1d2a97...
2025-07-27 19:38:51,787 [INFO] \U0001f504 (24/103) Processing 0x3867d222ba91236ad4d12c31056626f9e798629c...
2025-07-27 19:38:52,962 [INFO] \U0001f504 (25/103) Processing 0x3a44be4581137019f83021eeee72b7dc57756069...
2025-07-27 19:38:54,156 [INFO] \U0001f504 (26/103) Processing 0x3e69ad05716bdc834db72c4d6d44439a7c8a902b...
2025-07-27 19:38:55,331 [INFO] \U0001f504 (27/103) Processing 0x427f2ac5fdf4245e027d767e7c3ac272a1f40a65...
2025-07-27 19:38:56,517 [INFO] \U0001f504 (28/103) Processing 0x4814be124d7fe3b240eb46061f7ddfab468fe122...
2025-07-27 19:38:57,715 [INFO] \U0001f504 (29/103) Processing 0x4839e666e2baf12a51bf004392b35972eeddeabf...
2025-07-27 19:38:58,917 [INFO] \U0001f504 (30/103) Processing 0x4c4d05fe859279c91b074429b5fc451182cec745...
2025-07-27 19:39:00,089 [INFO] \U0001f504 (31/103) Processing 0x4d997c89bc659a3e8452038a8101161e7e7e53a7...
2025-07-27 19:39:01,274 [INFO] \U0001f504 (32/103) Processing 0x4db0a72edb5ea6c55df929f76e7d5bb14e389860...
2025-07-27 19:39:02,462 [INFO] \U0001f504 (33/103) Processing 0x4e61251336c32e4fe6bfd5fab014846599321389...
2025-07-27 19:39:03,638 [INFO] \U0001f504 (34/103) Processing 0x4e6e724f4163b24ffc7ffe662b5f6815b18b4210...
2025-07-27 19:39:04,835 [INFO] \U0001f504 (35/103) Processing 0x507b6c0d950702f066a9a1bd5e85206f87b065ba...
2025-07-27 19:39:06,018 [INFO] \U0001f504 (36/103) Processing 0x54e19653be9d4143b08994906be0e27555e8834d...
2025-07-27 19:39:07,204 [INFO] \U0001f504 (37/103) Processing 0x56ba823641bfc317afc8459bf27feed6eb9ff59f...
2025-07-27 19:39:08,387 [INFO] \U0001f504 (38/103) Processing 0x56cc2bffcb3f86a30c492f9d1a671a1f744d1d2f...
2025-07-27 19:39:09,560 [INFO] \U0001f504 (39/103) Processing 0x578cea5f899b0dfbf05c7fbcfda1a644b2a47787...
2025-07-27 19:39:10,748 [INFO] \U0001f504 (40/103) Processing 0x58c2a9099a03750e9842d3e9a7780cdd6aa70b86...
2025-07-27 19:39:11,974 [INFO] \U0001f504 (41/103) Processing 0x58d68d4bcf9725e40353379cec92b90332561683...
2025-07-27 19:39:13,159 [INFO] \U0001f504 (42/103) Processing 0x5e324b4a564512ea7c93088dba2f8c1bf046a3eb...
2025-07-27 19:39:14,351 [INFO] \U0001f504 (43/103) Processing 0x612a3500559be7be7703de6dc397afb541a16f7f...
2025-07-27 19:39:15,528 [INFO] \U0001f504 (44/103) Processing 0x623af911f493747c216ad389c7805a37019c662d...
2025-07-27 19:39:16,707 [INFO] \U0001f504 (45/103) Processing 0x6a2752a534faacaaa153bffbb973dd84e0e5497b...
2025-07-27 19:39:17,886 [INFO] \U0001f504 (46/103) Processing 0x6d69ca3711e504658977367e13c300ab198379f1...
2025-07-27 19:39:19,079 [INFO] \U0001f504 (47/103) Processing 0x6e355417f7f56e7927d1cd971f0b5a1e6d538487...
2025-07-27 19:39:20,258 [INFO] \U0001f504 (48/103) Processing 0x70c1864282599a762c674dd9d567b37e13bce755...
2025-07-27 19:39:21,428 [INFO] \U0001f504 (49/103) Processing 0x70d8e4ab175dfe0eab4e9a7f33e0a2d19f44001e...
2025-07-27 19:39:22,607 [INFO] \U0001f504 (50/103) Processing 0x7399dbeebe2f88bc6ac4e3fd7ddb836a4bce322f...
2025-07-27 19:39:23,786 [INFO] \U0001f504 (51/103) Processing 0x767055590c73b7d2aaa6219da13807c493f91a20...
2025-07-27 19:39:24,984 [INFO] \U0001f504 (52/103) Processing 0x7851bdfb64bbecfb40c030d722a1f147dff5db6a...
2025-07-27 19:39:26,187 [INFO] \U0001f504 (53/103) Processing 0x7b4636320daa0bc055368a4f9b9d01bd8ac51877...
2025-07-27 19:39:27,361 [INFO] \U0001f504 (54/103) Processing 0x7b57dbe2f2e4912a29754ff3e412ed9507fd8957...
2025-07-27 19:39:28,064 [INFO] \U0001f504 (55/103) Processing 0x7be3dfb5b6fcbae542ea85e76cc19916a20f6c1e...
2025-07-27 19:39:29,258 [INFO] \U0001f504 (56/103) Processing 0x7de76a449cf60ea3e111ff18b28e516d89532152...
2025-07-27 19:39:30,436 [INFO] \U0001f504 (57/103) Processing 0x7e3eab408b9c76a13305ef34606f17c16f7b33cc...
2025-07-27 19:39:31,628 [INFO] \U0001f504 (58/103) Processing 0x7f5e6a28afc9fb0aaf4259d4ff69991b88ebea47...
2025-07-27 19:39:32,815 [INFO] \U0001f504 (59/103) Processing 0x83ea74c67d393c6894c34c464657bda2183a2f1a...
2025-07-27 19:39:34,001 [INFO] \U0001f504 (60/103) Processing 0x8441fecef5cc6f697be2c4fc4a36feacede8df67...
2025-07-27 19:39:35,185 [INFO] \U0001f504 (61/103) Processing 0x854a873b8f9bfac36a5eb9c648e285a095a7478d...
2025-07-27 19:39:36,367 [INFO] \U0001f504 (62/103) Processing 0x8587d9f794f06d976c2ec1cfd523983b856f5ca9...
2025-07-27 19:39:37,543 [INFO] \U0001f504 (63/103) Processing 0x880a0af12da55df1197f41697c1a1b61670ed410...
2025-07-27 19:39:38,730 [INFO] \U0001f504 (64/103) Processing 0x8aaece100580b749a20f8ce30338c4e0770b65ed...
2025-07-27 19:39:39,409 [INFO] \U0001f504 (65/103) Processing 0x8be38ea2b22b706aef313c2de81f7d179024dd30...
2025-07-27 19:39:40,604 [INFO] \U0001f504 (66/103) Processing 0x8d900f213db5205c529aaba5d10e71a0ed2646db...
2025-07-27 19:39:41,775 [INFO] \U0001f504 (67/103) Processing 0x91919344c1dad09772d19ad8ad4f1bcd29c51f27...
2025-07-27 19:39:42,948 [INFO] \U0001f504 (68/103) Processing 0x93f0891bf71d8abed78e0de0885bd26355bb8b1d...
2025-07-27 19:39:44,179 [INFO] \U0001f504 (69/103) Processing 0x96479b087cb8f236a5e2dcbfc50ce63b2f421da6...
2025-07-27 19:39:45,376 [INFO] \U0001f504 (70/103) Processing 0x96bb4447a02b95f1d1e85374cffd565eb22ed2f8...
2025-07-27 19:39:46,595 [INFO] \U0001f504 (71/103) Processing 0x9a363adc5d382c04d36b09158286328f75672098...
2025-07-27 19:39:47,767 [INFO] \U0001f504 (72/103) Processing 0x9ad1331c5b6c5a641acffb32719c66a80c6e1a17...
2025-07-27 19:39:48,948 [INFO] \U0001f504 (73/103) Processing 0x9ba0d85f71e145ccf15225e59631e5a883d5d74a...
2025-07-27 19:39:50,125 [INFO] \U0001f504 (74/103) Processing 0x9e6ec4e98793970a1307262ba68d37594e58cd78...
2025-07-27 19:39:51,299 [INFO] \U0001f504 (75/103) Processing 0xa7e94d933eb0c439dda357f61244a485246e97b8...
2025-07-27 19:39:52,482 [INFO] \U0001f504 (76/103) Processing 0xa7f3c74f0255796fd5d3ddcf88db769f7a6bf46a...
2025-07-27 19:39:53,664 [INFO] \U0001f504 (77/103) Processing 0xa98dc64bb42575efec7d1e4560c029231ce5da51...
2025-07-27 19:39:54,835 [INFO] \U0001f504 (78/103) Processing 0xb271ff7090b39028eb6e711c3f89a3453d5861ee...
2025-07-27 19:39:56,036 [INFO] \U0001f504 (79/103) Processing 0xb475576594ae44e1f75f534f993cbb7673e4c8b6...
2025-07-27 19:39:56,717 [INFO] \U0001f504 (80/103) Processing 0xb57297c5d02def954794e593db93d0a302e43e5c...
2025-07-27 19:39:57,908 [INFO] \U0001f504 (81/103) Processing 0xbd4a00764217c13a246f86db58d74541a0c3972a...
2025-07-27 19:39:59,082 [INFO] \U0001f504 (82/103) Processing 0xc179d55f7e00e789915760f7d260a1bf6285278b...
2025-07-27 19:40:00,264 [INFO] \U0001f504 (83/103) Processing 0xc22b8e78394ce52e0034609a67ae3c959daa84bc...
2025-07-27 19:40:01,450 [INFO] \U0001f504 (84/103) Processing 0xcbbd9fe837a14258286bbf2e182cbc4e4518c5a3...
2025-07-27 19:40:02,621 [INFO] \U0001f504 (85/103) Processing 0xcecf5163bb057c1aff4963d9b9a7d2f0bf591710...
2025-07-27 19:40:03,799 [INFO] \U0001f504 (86/103) Processing 0xcf0033bf27804640e5339e06443e208db5870dd2...
2025-07-27 19:40:04,987 [INFO] \U0001f504 (87/103) Processing 0xd0df53e296c1e3115fccc3d7cdf4ba495e593b56...
2025-07-27 19:40:06,167 [INFO] \U0001f504 (88/103) Processing 0xd1a3888fd8f490367c6104e10b4154427c02dd9c...
2025-07-27 19:40:07,334 [INFO] \U0001f504 (89/103) Processing 0xd334d18fa6bada9a10f361bae42a019ce88a3c33...
2025-07-27 19:40:08,014 [INFO] \U0001f504 (90/103) Processing 0xd9d3930ffa343f5a0eec7606d045d0843d3a02b4...
2025-07-27 19:40:09,198 [INFO] \U0001f504 (91/103) Processing 0xdde73df7bd4d704a89ad8421402701b3a460c6e9...
2025-07-27 19:40:10,385 [INFO] \U0001f504 (92/103) Processing 0xde92d70253604fd8c5998c8ee3ed282a41b33b7f...
2025-07-27 19:40:11,571 [INFO] \U0001f504 (93/103) Processing 0xded1f838ae6aa5fcd0f13481b37ee88e5bdccb3d...
2025-07-27 19:40:12,756 [INFO] \U0001f504 (94/103) Processing 0xebb8629e8a3ec86cf90cb7600264415640834483...
2025-07-27 19:40:13,946 [INFO] \U0001f504 (95/103) Processing 0xeded1c8c0a0c532195b8432153f3bfa81dba2a90...
2025-07-27 19:40:14,641 [INFO] \U0001f504 (96/103) Processing 0xf10fd8921019615a856c1e95c7cd3632de34edc4...
2025-07-27 19:40:15,825 [INFO] \U0001f504 (97/103) Processing 0xf340b9f2098f80b86fbc5ede586c319473aa11f3...
2025-07-27 19:40:17,006 [INFO] \U0001f504 (98/103) Processing 0xf54f36bca969800fd7d63a68029561309938c09b...
2025-07-27 19:40:18,200 [INFO] \U0001f504 (99/103) Processing 0xf60304b534f74977e159b2e159e135475c245526...
2025-07-27 19:40:19,371 [INFO] \U0001f504 (100/103) Processing 0xf67e8e5805835465f7eba988259db882ab726800...
2025-07-27 19:40:20,088 [INFO] \U0001f504 (101/103) Processing 0xf7aa5d0752cfcd41b0a5945867d619a80c405e52...
2025-07-27 19:40:21,278 [INFO] \U0001f504 (102/103) Processing 0xf80a8b9cfff0febf49914c269fb8aead4a22f847...
2025-07-27 19:40:22,466 [INFO] \U0001f504 (103/103) Processing 0xfe5a05c0f8b24fca15a7306f6a4ebb7dcf2186ac...
2025-07-27 19:40:23,666 [INFO] \u2705 Data collection complete.
2025-07-27 19:40:23,697 [INFO] \u2705 Scoring complete.
2025-07-27 19:40:23,698 [INFO] \U0001f4e6 Output saved to: data/wallet_scores.csv
2025-07-27 19:40:23,698 [INFO] \U0001f4ca Summary:
2025-07-27 19:40:23,698 [INFO]  - Wallets scored: 103
2025-07-27 19:40:23,699 [INFO]  - Score range: 400 to 400
2025-07-27 19:40:23,700 [INFO]  - Average score: 400.00
